1621075280559	mozrunner::runner	INFO	Running command: "/Applications/Firefox.app/Contents/MacOS/firefox-bin" "-marionette" "-headless" "-foreground" "-no-remote" "-profile" "/var/folders/qp/62byk9gs7738gg2bzjf8p3br0000gn/T/rust_mozprofileqLDzBH"
*** You are running in headless mode.
console.warn: SearchSettings: "get: No settings file exists, new profile?" (new Error("", "(unknown module)"))
1621075283712	Marionette	INFO	Listening on port 51635
1621075283770	Marionette	WARN	TLS certificate errors will be ignored for this session
1621075283782	Marionette	ERROR	[19] No reply from Marionette:Register
console.log: WebExtensions: reset-default-search: No addons in our list are installed.
1621076509567	mozrunner::runner	INFO	Running command: "/Applications/Firefox.app/Contents/MacOS/firefox-bin" "-marionette" "-headless" "-foreground" "-no-remote" "-profile" "/var/folders/qp/62byk9gs7738gg2bzjf8p3br0000gn/T/rust_mozprofileCRSnuO"
*** You are running in headless mode.
console.warn: SearchSettings: "get: No settings file exists, new profile?" (new Error("", "(unknown module)"))
1621076512103	Marionette	INFO	Listening on port 52145
1621076512147	Marionette	WARN	TLS certificate errors will be ignored for this session
1621076512165	Marionette	ERROR	[19] No reply from Marionette:Register
console.warn: SearchSettings: "get: No settings file exists, new profile?" (new Error("", "(unknown module)"))
1621076593810	mozrunner::runner	INFO	Running command: "/Applications/Firefox.app/Contents/MacOS/firefox-bin" "-marionette" "-headless" "-foreground" "-no-remote" "-profile" "/var/folders/qp/62byk9gs7738gg2bzjf8p3br0000gn/T/rust_mozprofilevnHvi7"
*** You are running in headless mode.
console.warn: SearchSettings: "get: No settings file exists, new profile?" (new Error("", "(unknown module)"))
1621076596169	Marionette	INFO	Listening on port 52243
1621076596195	Marionette	WARN	TLS certificate errors will be ignored for this session
1621076596207	Marionette	ERROR	[19] No reply from Marionette:Register
console.warn: SearchSettings: "get: No settings file exists, new profile?" (new Error("", "(unknown module)"))
1621076622218	mozrunner::runner	INFO	Running command: "/Applications/Firefox.app/Contents/MacOS/firefox-bin" "-marionette" "-headless" "-foreground" "-no-remote" "-profile" "/var/folders/qp/62byk9gs7738gg2bzjf8p3br0000gn/T/rust_mozprofileUNokZe"
*** You are running in headless mode.
console.warn: SearchSettings: "get: No settings file exists, new profile?" (new Error("", "(unknown module)"))
1621076624383	Marionette	INFO	Listening on port 52322
1621076624492	Marionette	WARN	TLS certificate errors will be ignored for this session
1621076624503	Marionette	ERROR	[19] No reply from Marionette:Register
1621076743163	mozrunner::runner	INFO	Running command: "/Applications/Firefox.app/Contents/MacOS/firefox-bin" "-marionette" "-headless" "-foreground" "-no-remote" "-profile" "/var/folders/qp/62byk9gs7738gg2bzjf8p3br0000gn/T/rust_mozprofileGcMc4A"
*** You are running in headless mode.
console.warn: SearchSettings: "get: No settings file exists, new profile?" (new Error("", "(unknown module)"))
1621076745561	Marionette	INFO	Listening on port 52448
1621076745660	Marionette	WARN	TLS certificate errors will be ignored for this session
1621076745671	Marionette	ERROR	[19] No reply from Marionette:Register
1621076750806	Marionette	INFO	Stopped listening on port 52448
1621076772540	mozrunner::runner	INFO	Running command: "/Applications/Firefox.app/Contents/MacOS/firefox-bin" "-marionette" "-headless" "-foreground" "-no-remote" "-profile" "/var/folders/qp/62byk9gs7738gg2bzjf8p3br0000gn/T/rust_mozprofile7dw96n"
*** You are running in headless mode.
console.warn: SearchSettings: "get: No settings file exists, new profile?" (new Error("", "(unknown module)"))
1621076774718	Marionette	INFO	Listening on port 52532
1621076774820	Marionette	WARN	TLS certificate errors will be ignored for this session
1621076774834	Marionette	ERROR	[19] No reply from Marionette:Register
console.warn: SearchSettings: "get: No settings file exists, new profile?" (new Error("", "(unknown module)"))
console.log: WebExtensions: reset-default-search: No addons in our list are installed.
console.log: WebExtensions: reset-default-search: No addons in our list are installed.
console.log: WebExtensions: reset-default-search: No addons in our list are installed.
console.log: WebExtensions: reset-default-search: No addons in our list are installed.
1621077730776	Marionette	INFO	Stopped listening on port 52532
1621077757753	mozrunner::runner	INFO	Running command: "/Applications/Firefox.app/Contents/MacOS/firefox-bin" "-marionette" "-headless" "-foreground" "-no-remote" "-profile" "/var/folders/qp/62byk9gs7738gg2bzjf8p3br0000gn/T/rust_mozprofileyM7g9L"
*** You are running in headless mode.
console.warn: SearchSettings: "get: No settings file exists, new profile?" (new Error("", "(unknown module)"))
1621077760408	Marionette	INFO	Listening on port 52993
1621077760458	Marionette	WARN	TLS certificate errors will be ignored for this session
1621077760475	Marionette	ERROR	[19] No reply from Marionette:Register
console.warn: SearchSettings: "get: No settings file exists, new profile?" (new Error("", "(unknown module)"))
JavaScript warning: https://pagead2.googlesyndication.com/bg/DyQI0nSy6BUFz1wbhNnw1YMoJJCDSr_iJxDmlzQsBeQ.js line 1 > eval line 3213 > eval line 1 > eval, line 1: WebGL warning: <Create>: Can't use WebGL in headless mode (https://bugzil.la/1375585).
JavaScript warning: https://pagead2.googlesyndication.com/bg/DyQI0nSy6BUFz1wbhNnw1YMoJJCDSr_iJxDmlzQsBeQ.js line 1 > eval line 3213 > eval line 1 > eval, line 1: Failed to create WebGL context: WebGL creation failed: 
* Can't use WebGL in headless mode (https://bugzil.la/1375585).
console.log: WebExtensions: reset-default-search: No addons in our list are installed.
1621168148133	Marionette	INFO	Stopped listening on port 52993
JavaScript error: resource://gre/modules/Sqlite.jsm, line 1031: Error: Sqlite.jsm has been shutdown. Cannot open connection to: /var/folders/qp/62byk9gs7738gg2bzjf8p3br0000gn/T/rust_mozprofileyM7g9L/protections.sqlite
1621168536981	mozrunner::runner	INFO	Running command: "/Applications/Firefox.app/Contents/MacOS/firefox-bin" "-marionette" "-headless" "-foreground" "-no-remote" "-profile" "/var/folders/qp/62byk9gs7738gg2bzjf8p3br0000gn/T/rust_mozprofileu6kON6"
*** You are running in headless mode.
console.warn: SearchSettings: "get: No settings file exists, new profile?" (new Error("", "(unknown module)"))
1621168539320	Marionette	INFO	Listening on port 62322
1621168539355	Marionette	WARN	TLS certificate errors will be ignored for this session
1621168539371	Marionette	ERROR	[19] No reply from Marionette:Register
console.warn: SearchSettings: "get: No settings file exists, new profile?" (new Error("", "(unknown module)"))
JavaScript warning: https://pagead2.googlesyndication.com/bg/TMm5Vd8VytjbCcmIcJumdaM-J7Gy9TN2HX45D5FEMFw.js line 1 > eval line 7619 > eval, line 1: WebGL warning: <Create>: Can't use WebGL in headless mode (https://bugzil.la/1375585).
JavaScript warning: https://pagead2.googlesyndication.com/bg/TMm5Vd8VytjbCcmIcJumdaM-J7Gy9TN2HX45D5FEMFw.js line 1 > eval line 7619 > eval, line 1: Failed to create WebGL context: WebGL creation failed: 
* Can't use WebGL in headless mode (https://bugzil.la/1375585).
1621168651626	Marionette	INFO	Stopped listening on port 62322
JavaScript error: resource://gre/modules/Sqlite.jsm, line 1031: Error: Sqlite.jsm has been shutdown. Cannot open connection to: /var/folders/qp/62byk9gs7738gg2bzjf8p3br0000gn/T/rust_mozprofileu6kON6/protections.sqlite
1621168842790	mozrunner::runner	INFO	Running command: "/Applications/Firefox.app/Contents/MacOS/firefox-bin" "-marionette" "-headless" "-foreground" "-no-remote" "-profile" "/var/folders/qp/62byk9gs7738gg2bzjf8p3br0000gn/T/rust_mozprofilezszPek"
*** You are running in headless mode.
console.warn: SearchSettings: "get: No settings file exists, new profile?" (new Error("", "(unknown module)"))
1621168845311	Marionette	INFO	Listening on port 62550
1621168845381	Marionette	WARN	TLS certificate errors will be ignored for this session
1621168845394	Marionette	ERROR	[19] No reply from Marionette:Register
console.warn: SearchSettings: "get: No settings file exists, new profile?" (new Error("", "(unknown module)"))
JavaScript warning: https://pagead2.googlesyndication.com/bg/TMm5Vd8VytjbCcmIcJumdaM-J7Gy9TN2HX45D5FEMFw.js line 1 > eval line 5603 > eval line 1 > eval, line 1: WebGL warning: <Create>: Can't use WebGL in headless mode (https://bugzil.la/1375585).
JavaScript warning: https://pagead2.googlesyndication.com/bg/TMm5Vd8VytjbCcmIcJumdaM-J7Gy9TN2HX45D5FEMFw.js line 1 > eval line 5603 > eval line 1 > eval, line 1: Failed to create WebGL context: WebGL creation failed: 
* Can't use WebGL in headless mode (https://bugzil.la/1375585).
1621168957453	Marionette	INFO	Stopped listening on port 62550
JavaScript error: resource://gre/modules/AsyncShutdown.jsm, line 716: Error: Phase "Sqlite.jsm: wait until all connections are closed" is finished, it is too late to register completion condition "protections.sqlite#0: waiting for shutdown"
1621169175716	mozrunner::runner	INFO	Running command: "/Applications/Firefox.app/Contents/MacOS/firefox-bin" "-marionette" "-headless" "-foreground" "-no-remote" "-profile" "/var/folders/qp/62byk9gs7738gg2bzjf8p3br0000gn/T/rust_mozprofileMoiZev"
*** You are running in headless mode.
console.warn: SearchSettings: "get: No settings file exists, new profile?" (new Error("", "(unknown module)"))
1621169178167	Marionette	INFO	Listening on port 62945
1621169178288	Marionette	WARN	TLS certificate errors will be ignored for this session
1621169178300	Marionette	ERROR	[19] No reply from Marionette:Register
JavaScript error: , line 0: NotFoundError: No such JSWindowActor 'MarionetteEvents'
JavaScript error: , line 0: NotFoundError: No such JSWindowActor 'MarionetteEvents'
1621169263244	Marionette	INFO	Stopped listening on port 62945
JavaScript warning: https://pagead2.googlesyndication.com/bg/TMm5Vd8VytjbCcmIcJumdaM-J7Gy9TN2HX45D5FEMFw.js line 1 > eval line 2079 > eval, line 1: WebGL warning: <Create>: Can't use WebGL in headless mode (https://bugzil.la/1375585).
JavaScript warning: https://pagead2.googlesyndication.com/bg/TMm5Vd8VytjbCcmIcJumdaM-J7Gy9TN2HX45D5FEMFw.js line 1 > eval line 2079 > eval, line 1: Failed to create WebGL context: WebGL creation failed: 
* Can't use WebGL in headless mode (https://bugzil.la/1375585).
JavaScript error: resource://gre/modules/Sqlite.jsm, line 1031: Error: Sqlite.jsm has been shutdown. Cannot open connection to: /var/folders/qp/62byk9gs7738gg2bzjf8p3br0000gn/T/rust_mozprofileMoiZev/protections.sqlite
1621169446550	mozrunner::runner	INFO	Running command: "/Applications/Firefox.app/Contents/MacOS/firefox-bin" "-marionette" "-headless" "-foreground" "-no-remote" "-profile" "/var/folders/qp/62byk9gs7738gg2bzjf8p3br0000gn/T/rust_mozprofilem0jgWa"
*** You are running in headless mode.
console.warn: SearchSettings: "get: No settings file exists, new profile?" (new Error("", "(unknown module)"))
1621169448645	Marionette	INFO	Listening on port 63192
1621169448733	Marionette	WARN	TLS certificate errors will be ignored for this session
1621169448746	Marionette	ERROR	[19] No reply from Marionette:Register
1621169529788	Marionette	INFO	Stopped listening on port 63192
JavaScript warning: https://pagead2.googlesyndication.com/bg/TMm5Vd8VytjbCcmIcJumdaM-J7Gy9TN2HX45D5FEMFw.js line 1 > eval line 4330 > eval line 1 > eval, line 1: WebGL warning: <Create>: Can't use WebGL in headless mode (https://bugzil.la/1375585).
JavaScript warning: https://pagead2.googlesyndication.com/bg/TMm5Vd8VytjbCcmIcJumdaM-J7Gy9TN2HX45D5FEMFw.js line 1 > eval line 4330 > eval line 1 > eval, line 1: Failed to create WebGL context: WebGL creation failed: 
* Can't use WebGL in headless mode (https://bugzil.la/1375585).
JavaScript error: resource://gre/modules/Sqlite.jsm, line 1031: Error: Sqlite.jsm has been shutdown. Cannot open connection to: /var/folders/qp/62byk9gs7738gg2bzjf8p3br0000gn/T/rust_mozprofilem0jgWa/protections.sqlite
1621170192127	mozrunner::runner	INFO	Running command: "/Applications/Firefox.app/Contents/MacOS/firefox-bin" "-marionette" "-headless" "-foreground" "-no-remote" "-profile" "/var/folders/qp/62byk9gs7738gg2bzjf8p3br0000gn/T/rust_mozprofileb8Z91A"
*** You are running in headless mode.
console.warn: SearchSettings: "get: No settings file exists, new profile?" (new Error("", "(unknown module)"))
1621170194475	Marionette	INFO	Listening on port 63531
1621170194597	Marionette	WARN	TLS certificate errors will be ignored for this session
1621170194622	Marionette	ERROR	[19] No reply from Marionette:Register
1621170427676	Marionette	WARN	Ignoring event 'pageshow' because document has an invalid readyState of 'uninitialized'.
JavaScript error: , line 0: NotFoundError: No such JSWindowActor 'MarionetteEvents'
JavaScript error: , line 0: NotFoundError: No such JSWindowActor 'MarionetteEvents'
1621170428023	Marionette	INFO	Stopped listening on port 63531
JavaScript warning: https://pagead2.googlesyndication.com/bg/TMm5Vd8VytjbCcmIcJumdaM-J7Gy9TN2HX45D5FEMFw.js line 1 > eval line 1849 > eval, line 1: WebGL warning: <Create>: Can't use WebGL in headless mode (https://bugzil.la/1375585).
JavaScript warning: https://pagead2.googlesyndication.com/bg/TMm5Vd8VytjbCcmIcJumdaM-J7Gy9TN2HX45D5FEMFw.js line 1 > eval line 1849 > eval, line 1: Failed to create WebGL context: WebGL creation failed: 
* Can't use WebGL in headless mode (https://bugzil.la/1375585).
JavaScript error: resource://gre/modules/Sqlite.jsm, line 1031: Error: Sqlite.jsm has been shutdown. Cannot open connection to: /var/folders/qp/62byk9gs7738gg2bzjf8p3br0000gn/T/rust_mozprofileb8Z91A/protections.sqlite
1621172914483	mozrunner::runner	INFO	Running command: "/Applications/Firefox.app/Contents/MacOS/firefox-bin" "-marionette" "-headless" "-foreground" "-no-remote" "-profile" "/var/folders/qp/62byk9gs7738gg2bzjf8p3br0000gn/T/rust_mozprofileknL4VU"
*** You are running in headless mode.
console.warn: SearchSettings: "get: No settings file exists, new profile?" (new Error("", "(unknown module)"))
1621172917287	Marionette	INFO	Listening on port 64753
1621172917390	Marionette	WARN	TLS certificate errors will be ignored for this session
1621172917401	Marionette	ERROR	[19] No reply from Marionette:Register
1621173002320	Marionette	INFO	Stopped listening on port 64753
JavaScript warning: https://pagead2.googlesyndication.com/bg/TMm5Vd8VytjbCcmIcJumdaM-J7Gy9TN2HX45D5FEMFw.js line 1 > eval line 3897 > eval, line 1: WebGL warning: <Create>: Can't use WebGL in headless mode (https://bugzil.la/1375585).
JavaScript warning: https://pagead2.googlesyndication.com/bg/TMm5Vd8VytjbCcmIcJumdaM-J7Gy9TN2HX45D5FEMFw.js line 1 > eval line 3897 > eval, line 1: Failed to create WebGL context: WebGL creation failed: 
* Can't use WebGL in headless mode (https://bugzil.la/1375585).
JavaScript error: resource://gre/modules/Sqlite.jsm, line 1031: Error: Sqlite.jsm has been shutdown. Cannot open connection to: /var/folders/qp/62byk9gs7738gg2bzjf8p3br0000gn/T/rust_mozprofileknL4VU/protections.sqlite
1621173192550	mozrunner::runner	INFO	Running command: "/Applications/Firefox.app/Contents/MacOS/firefox-bin" "-marionette" "-headless" "-foreground" "-no-remote" "-profile" "/var/folders/qp/62byk9gs7738gg2bzjf8p3br0000gn/T/rust_mozprofile0bexuk"
*** You are running in headless mode.
console.warn: SearchSettings: "get: No settings file exists, new profile?" (new Error("", "(unknown module)"))
1621173195006	Marionette	INFO	Listening on port 65034
1621173195049	Marionette	WARN	TLS certificate errors will be ignored for this session
1621173195068	Marionette	ERROR	[19] No reply from Marionette:Register
console.warn: SearchSettings: "get: No settings file exists, new profile?" (new Error("", "(unknown module)"))
JavaScript error: , line 0: NotFoundError: No such JSWindowActor 'MarionetteEvents'
JavaScript error: , line 0: NotFoundError: No such JSWindowActor 'MarionetteEvents'
JavaScript warning: https://pagead2.googlesyndication.com/bg/TMm5Vd8VytjbCcmIcJumdaM-J7Gy9TN2HX45D5FEMFw.js line 1 > eval line 3589 > eval, line 1: WebGL warning: <Create>: Can't use WebGL in headless mode (https://bugzil.la/1375585).
JavaScript warning: https://pagead2.googlesyndication.com/bg/TMm5Vd8VytjbCcmIcJumdaM-J7Gy9TN2HX45D5FEMFw.js line 1 > eval line 3589 > eval, line 1: Failed to create WebGL context: WebGL creation failed: 
* Can't use WebGL in headless mode (https://bugzil.la/1375585).
1621173278481	Marionette	INFO	Stopped listening on port 65034
JavaScript error: resource://gre/modules/Sqlite.jsm, line 1031: Error: Sqlite.jsm has been shutdown. Cannot open connection to: /var/folders/qp/62byk9gs7738gg2bzjf8p3br0000gn/T/rust_mozprofile0bexuk/protections.sqlite
1621173509347	mozrunner::runner	INFO	Running command: "/Applications/Firefox.app/Contents/MacOS/firefox-bin" "-marionette" "-headless" "-foreground" "-no-remote" "-profile" "/var/folders/qp/62byk9gs7738gg2bzjf8p3br0000gn/T/rust_mozprofilepFMJ0w"
*** You are running in headless mode.
console.warn: SearchSettings: "get: No settings file exists, new profile?" (new Error("", "(unknown module)"))
1621173512505	Marionette	INFO	Listening on port 65278
1621173512565	Marionette	WARN	TLS certificate errors will be ignored for this session
1621173512578	Marionette	ERROR	[19] No reply from Marionette:Register
console.warn: SearchSettings: "get: No settings file exists, new profile?" (new Error("", "(unknown module)"))
1621173574061	Marionette	INFO	Stopped listening on port 65278
JavaScript error: resource://gre/modules/Sqlite.jsm, line 1031: Error: Sqlite.jsm has been shutdown. Cannot open connection to: /var/folders/qp/62byk9gs7738gg2bzjf8p3br0000gn/T/rust_mozprofilepFMJ0w/protections.sqlite
1621173672576	mozrunner::runner	INFO	Running command: "/Applications/Firefox.app/Contents/MacOS/firefox-bin" "-marionette" "-headless" "-foreground" "-no-remote" "-profile" "/var/folders/qp/62byk9gs7738gg2bzjf8p3br0000gn/T/rust_mozprofile4G2IYz"
*** You are running in headless mode.
console.warn: SearchSettings: "get: No settings file exists, new profile?" (new Error("", "(unknown module)"))
1621173675344	Marionette	INFO	Listening on port 49324
1621173675384	Marionette	WARN	TLS certificate errors will be ignored for this session
1621173675397	Marionette	ERROR	[19] No reply from Marionette:Register
console.warn: SearchSettings: "get: No settings file exists, new profile?" (new Error("", "(unknown module)"))
JavaScript error: , line 0: NotFoundError: No such JSWindowActor 'MarionetteEvents'
JavaScript error: , line 0: NotFoundError: No such JSWindowActor 'MarionetteEvents'
JavaScript warning: https://pagead2.googlesyndication.com/bg/TMm5Vd8VytjbCcmIcJumdaM-J7Gy9TN2HX45D5FEMFw.js line 1 > eval line 7551 > eval line 1 > eval, line 1: WebGL warning: <Create>: Can't use WebGL in headless mode (https://bugzil.la/1375585).
JavaScript warning: https://pagead2.googlesyndication.com/bg/TMm5Vd8VytjbCcmIcJumdaM-J7Gy9TN2HX45D5FEMFw.js line 1 > eval line 7551 > eval line 1 > eval, line 1: Failed to create WebGL context: WebGL creation failed: 
* Can't use WebGL in headless mode (https://bugzil.la/1375585).
1621173738501	Marionette	INFO	Stopped listening on port 49324
JavaScript error: resource://gre/modules/AsyncShutdown.jsm, line 716: Error: Phase "Sqlite.jsm: wait until all connections are closed" is finished, it is too late to register completion condition "protections.sqlite#0: waiting for shutdown"
1621173984437	mozrunner::runner	INFO	Running command: "/Applications/Firefox.app/Contents/MacOS/firefox-bin" "-marionette" "-headless" "-foreground" "-no-remote" "-profile" "/var/folders/qp/62byk9gs7738gg2bzjf8p3br0000gn/T/rust_mozprofileqto2h6"
*** You are running in headless mode.
console.warn: SearchSettings: "get: No settings file exists, new profile?" (new Error("", "(unknown module)"))
1621173986801	Marionette	INFO	Listening on port 49572
1621173986844	Marionette	WARN	TLS certificate errors will be ignored for this session
1621173986854	Marionette	ERROR	[19] No reply from Marionette:Register
JavaScript error: , line 0: NotFoundError: No such JSWindowActor 'MarionetteEvents'
JavaScript error: , line 0: NotFoundError: No such JSWindowActor 'MarionetteEvents'
1621174068731	Marionette	INFO	Stopped listening on port 49572
JavaScript warning: https://pagead2.googlesyndication.com/bg/TMm5Vd8VytjbCcmIcJumdaM-J7Gy9TN2HX45D5FEMFw.js line 1 > eval line 7755 > eval, line 1: WebGL warning: <Create>: Can't use WebGL in headless mode (https://bugzil.la/1375585).
JavaScript warning: https://pagead2.googlesyndication.com/bg/TMm5Vd8VytjbCcmIcJumdaM-J7Gy9TN2HX45D5FEMFw.js line 1 > eval line 7755 > eval, line 1: Failed to create WebGL context: WebGL creation failed: 
* Can't use WebGL in headless mode (https://bugzil.la/1375585).
JavaScript error: resource://gre/modules/Sqlite.jsm, line 1031: Error: Sqlite.jsm has been shutdown. Cannot open connection to: /var/folders/qp/62byk9gs7738gg2bzjf8p3br0000gn/T/rust_mozprofileqto2h6/protections.sqlite
1621210588807	mozrunner::runner	INFO	Running command: "/Applications/Firefox.app/Contents/MacOS/firefox-bin" "-marionette" "-headless" "-foreground" "-no-remote" "-profile" "/var/folders/qp/62byk9gs7738gg2bzjf8p3br0000gn/T/rust_mozprofileiY6HVH"
*** You are running in headless mode.
console.warn: SearchSettings: "get: No settings file exists, new profile?" (new Error("", "(unknown module)"))
1621210592204	Marionette	INFO	Listening on port 59847
1621210592312	Marionette	WARN	TLS certificate errors will be ignored for this session
1621210592322	Marionette	ERROR	[19] No reply from Marionette:Register
console.warn: SearchSettings: "get: No settings file exists, new profile?" (new Error("", "(unknown module)"))
1621210675521	Marionette	INFO	Stopped listening on port 59847
JavaScript warning: https://pagead2.googlesyndication.com/bg/TMm5Vd8VytjbCcmIcJumdaM-J7Gy9TN2HX45D5FEMFw.js line 1 > eval line 3024 > eval, line 1: WebGL warning: <Create>: Can't use WebGL in headless mode (https://bugzil.la/1375585).
JavaScript warning: https://pagead2.googlesyndication.com/bg/TMm5Vd8VytjbCcmIcJumdaM-J7Gy9TN2HX45D5FEMFw.js line 1 > eval line 3024 > eval, line 1: Failed to create WebGL context: WebGL creation failed: 
* Can't use WebGL in headless mode (https://bugzil.la/1375585).
JavaScript error: resource://gre/modules/Sqlite.jsm, line 1031: Error: Sqlite.jsm has been shutdown. Cannot open connection to: /var/folders/qp/62byk9gs7738gg2bzjf8p3br0000gn/T/rust_mozprofileiY6HVH/protections.sqlite
1621222093447	mozrunner::runner	INFO	Running command: "/Applications/Firefox.app/Contents/MacOS/firefox-bin" "-marionette" "-headless" "-foreground" "-no-remote" "-profile" "/var/folders/qp/62byk9gs7738gg2bzjf8p3br0000gn/T/rust_mozprofilePShNQ7"
*** You are running in headless mode.
console.warn: SearchSettings: "get: No settings file exists, new profile?" (new Error("", "(unknown module)"))
1621222096352	Marionette	INFO	Listening on port 52694
1621222096447	Marionette	WARN	TLS certificate errors will be ignored for this session
1621222096457	Marionette	ERROR	[19] No reply from Marionette:Register
console.warn: SearchSettings: "get: No settings file exists, new profile?" (new Error("", "(unknown module)"))
JavaScript warning: https://pagead2.googlesyndication.com/bg/TMm5Vd8VytjbCcmIcJumdaM-J7Gy9TN2HX45D5FEMFw.js line 1 > eval line 3886 > eval, line 1: WebGL warning: <Create>: Can't use WebGL in headless mode (https://bugzil.la/1375585).
JavaScript warning: https://pagead2.googlesyndication.com/bg/TMm5Vd8VytjbCcmIcJumdaM-J7Gy9TN2HX45D5FEMFw.js line 1 > eval line 3886 > eval, line 1: Failed to create WebGL context: WebGL creation failed: 
* Can't use WebGL in headless mode (https://bugzil.la/1375585).
1621222359988	Marionette	WARN	Ignoring event 'pageshow' because document has an invalid readyState of 'uninitialized'.
JavaScript error: , line 0: NotFoundError: No such JSWindowActor 'MarionetteEvents'
JavaScript error: , line 0: NotFoundError: No such JSWindowActor 'MarionetteEvents'
1621222360169	Marionette	WARN	Ignoring event 'DOMContentLoaded' because document has an invalid readyState of 'complete'.
JavaScript warning: https://pagead2.googlesyndication.com/bg/TMm5Vd8VytjbCcmIcJumdaM-J7Gy9TN2HX45D5FEMFw.js line 1 > eval line 4058 > eval, line 1: WebGL warning: <Create>: Can't use WebGL in headless mode (https://bugzil.la/1375585).
JavaScript warning: https://pagead2.googlesyndication.com/bg/TMm5Vd8VytjbCcmIcJumdaM-J7Gy9TN2HX45D5FEMFw.js line 1 > eval line 4058 > eval, line 1: Failed to create WebGL context: WebGL creation failed: 
* Can't use WebGL in headless mode (https://bugzil.la/1375585).
console.log: WebExtensions: reset-default-search: No addons in our list are installed.
JavaScript error: , line 0: NotFoundError: No such JSWindowActor 'MarionetteEvents'
JavaScript error: , line 0: NotFoundError: No such JSWindowActor 'MarionetteEvents'
JavaScript error: , line 0: NotFoundError: No such JSWindowActor 'MarionetteEvents'
JavaScript error: , line 0: NotFoundError: No such JSWindowActor 'MarionetteEvents'
JavaScript warning: https://pagead2.googlesyndication.com/bg/TMm5Vd8VytjbCcmIcJumdaM-J7Gy9TN2HX45D5FEMFw.js line 1 > eval line 1217 > eval line 1 > eval, line 1: WebGL warning: <Create>: Can't use WebGL in headless mode (https://bugzil.la/1375585).
JavaScript warning: https://pagead2.googlesyndication.com/bg/TMm5Vd8VytjbCcmIcJumdaM-J7Gy9TN2HX45D5FEMFw.js line 1 > eval line 1217 > eval line 1 > eval, line 1: Failed to create WebGL context: WebGL creation failed: 
* Can't use WebGL in headless mode (https://bugzil.la/1375585).
JavaScript error: , line 0: NotFoundError: No such JSWindowActor 'MarionetteEvents'
JavaScript error: , line 0: NotFoundError: No such JSWindowActor 'MarionetteEvents'
JavaScript error: , line 0: NotFoundError: No such JSWindowActor 'MarionetteEvents'
JavaScript error: , line 0: NotFoundError: No such JSWindowActor 'MarionetteEvents'
JavaScript warning: https://pagead2.googlesyndication.com/bg/TMm5Vd8VytjbCcmIcJumdaM-J7Gy9TN2HX45D5FEMFw.js line 1 > eval line 6469 > eval, line 1: WebGL warning: <Create>: Can't use WebGL in headless mode (https://bugzil.la/1375585).
JavaScript warning: https://pagead2.googlesyndication.com/bg/TMm5Vd8VytjbCcmIcJumdaM-J7Gy9TN2HX45D5FEMFw.js line 1 > eval line 6469 > eval, line 1: Failed to create WebGL context: WebGL creation failed: 
* Can't use WebGL in headless mode (https://bugzil.la/1375585).
JavaScript error: , line 0: NotFoundError: No such JSWindowActor 'MarionetteEvents'
JavaScript error: , line 0: NotFoundError: No such JSWindowActor 'MarionetteEvents'
JavaScript error: , line 0: NotFoundError: No such JSWindowActor 'MarionetteEvents'
JavaScript error: , line 0: NotFoundError: No such JSWindowActor 'MarionetteEvents'
JavaScript error: , line 0: NotFoundError: No such JSWindowActor 'MarionetteEvents'
JavaScript error: , line 0: NotFoundError: No such JSWindowActor 'MarionetteEvents'
JavaScript error: , line 0: NotFoundError: No such JSWindowActor 'MarionetteEvents'
JavaScript error: , line 0: NotFoundError: No such JSWindowActor 'MarionetteEvents'
JavaScript warning: https://pagead2.googlesyndication.com/bg/TMm5Vd8VytjbCcmIcJumdaM-J7Gy9TN2HX45D5FEMFw.js line 1 > eval line 6928 > eval line 1 > eval, line 1: WebGL warning: <Create>: Can't use WebGL in headless mode (https://bugzil.la/1375585).
JavaScript warning: https://pagead2.googlesyndication.com/bg/TMm5Vd8VytjbCcmIcJumdaM-J7Gy9TN2HX45D5FEMFw.js line 1 > eval line 6928 > eval line 1 > eval, line 1: Failed to create WebGL context: WebGL creation failed: 
* Can't use WebGL in headless mode (https://bugzil.la/1375585).
JavaScript error: , line 0: NotFoundError: No such JSWindowActor 'MarionetteEvents'
JavaScript warning: https://pagead2.googlesyndication.com/bg/TMm5Vd8VytjbCcmIcJumdaM-J7Gy9TN2HX45D5FEMFw.js line 1 > eval line 1203 > eval line 1 > eval, line 1: WebGL warning: <Create>: Can't use WebGL in headless mode (https://bugzil.la/1375585).
JavaScript warning: https://pagead2.googlesyndication.com/bg/TMm5Vd8VytjbCcmIcJumdaM-J7Gy9TN2HX45D5FEMFw.js line 1 > eval line 1203 > eval line 1 > eval, line 1: Failed to create WebGL context: WebGL creation failed: 
* Can't use WebGL in headless mode (https://bugzil.la/1375585).
JavaScript error: , line 0: NotFoundError: No such JSWindowActor 'MarionetteEvents'
JavaScript error: , line 0: NotFoundError: No such JSWindowActor 'MarionetteEvents'
JavaScript error: , line 0: NotFoundError: No such JSWindowActor 'MarionetteEvents'
JavaScript error: , line 0: NotFoundError: No such JSWindowActor 'MarionetteEvents'
1621223816445	Marionette	WARN	Ignoring event 'DOMContentLoaded' because document has an invalid readyState of 'complete'.
JavaScript warning: https://pagead2.googlesyndication.com/bg/TMm5Vd8VytjbCcmIcJumdaM-J7Gy9TN2HX45D5FEMFw.js line 1 > eval line 1382 > eval line 1 > eval, line 1: WebGL warning: <Create>: Can't use WebGL in headless mode (https://bugzil.la/1375585).
JavaScript warning: https://pagead2.googlesyndication.com/bg/TMm5Vd8VytjbCcmIcJumdaM-J7Gy9TN2HX45D5FEMFw.js line 1 > eval line 1382 > eval line 1 > eval, line 1: Failed to create WebGL context: WebGL creation failed: 
* Can't use WebGL in headless mode (https://bugzil.la/1375585).
JavaScript error: , line 0: NotFoundError: No such JSWindowActor 'MarionetteEvents'
JavaScript warning: https://pagead2.googlesyndication.com/bg/TMm5Vd8VytjbCcmIcJumdaM-J7Gy9TN2HX45D5FEMFw.js line 1 > eval line 6046 > eval line 1 > eval, line 1: WebGL warning: <Create>: Can't use WebGL in headless mode (https://bugzil.la/1375585).
JavaScript warning: https://pagead2.googlesyndication.com/bg/TMm5Vd8VytjbCcmIcJumdaM-J7Gy9TN2HX45D5FEMFw.js line 1 > eval line 6046 > eval line 1 > eval, line 1: Failed to create WebGL context: WebGL creation failed: 
* Can't use WebGL in headless mode (https://bugzil.la/1375585).
JavaScript error: , line 0: NotFoundError: No such JSWindowActor 'MarionetteEvents'
JavaScript error: , line 0: NotFoundError: No such JSWindowActor 'MarionetteEvents'
JavaScript warning: https://pagead2.googlesyndication.com/bg/TMm5Vd8VytjbCcmIcJumdaM-J7Gy9TN2HX45D5FEMFw.js line 1 > eval line 2978 > eval line 1 > eval, line 1: WebGL warning: <Create>: Can't use WebGL in headless mode (https://bugzil.la/1375585).
JavaScript warning: https://pagead2.googlesyndication.com/bg/TMm5Vd8VytjbCcmIcJumdaM-J7Gy9TN2HX45D5FEMFw.js line 1 > eval line 2978 > eval line 1 > eval, line 1: Failed to create WebGL context: WebGL creation failed: 
* Can't use WebGL in headless mode (https://bugzil.la/1375585).
1621223822185	Marionette	INFO	Stopped listening on port 52694
1621226685534	mozrunner::runner	INFO	Running command: "/Applications/Firefox.app/Contents/MacOS/firefox-bin" "-marionette" "-headless" "-foreground" "-no-remote" "-profile" "/var/folders/qp/62byk9gs7738gg2bzjf8p3br0000gn/T/rust_mozprofileuw1VKq"
*** You are running in headless mode.
console.warn: SearchSettings: "get: No settings file exists, new profile?" (new Error("", "(unknown module)"))
1621226688120	Marionette	INFO	Listening on port 54497
1621226688219	Marionette	WARN	TLS certificate errors will be ignored for this session
1621226688231	Marionette	ERROR	[19] No reply from Marionette:Register
console.warn: SearchSettings: "get: No settings file exists, new profile?" (new Error("", "(unknown module)"))
JavaScript warning: https://pagead2.googlesyndication.com/bg/TMm5Vd8VytjbCcmIcJumdaM-J7Gy9TN2HX45D5FEMFw.js line 1 > eval line 3117 > eval, line 1: WebGL warning: <Create>: Can't use WebGL in headless mode (https://bugzil.la/1375585).
JavaScript warning: https://pagead2.googlesyndication.com/bg/TMm5Vd8VytjbCcmIcJumdaM-J7Gy9TN2HX45D5FEMFw.js line 1 > eval line 3117 > eval, line 1: Failed to create WebGL context: WebGL creation failed: 
* Can't use WebGL in headless mode (https://bugzil.la/1375585).
JavaScript error: , line 0: NotFoundError: No such JSWindowActor 'MarionetteEvents'
JavaScript error: , line 0: NotFoundError: No such JSWindowActor 'MarionetteEvents'
JavaScript warning: https://pagead2.googlesyndication.com/bg/TMm5Vd8VytjbCcmIcJumdaM-J7Gy9TN2HX45D5FEMFw.js line 1 > eval line 6141 > eval, line 1: WebGL warning: <Create>: Can't use WebGL in headless mode (https://bugzil.la/1375585).
JavaScript warning: https://pagead2.googlesyndication.com/bg/TMm5Vd8VytjbCcmIcJumdaM-J7Gy9TN2HX45D5FEMFw.js line 1 > eval line 6141 > eval, line 1: Failed to create WebGL context: WebGL creation failed: 
* Can't use WebGL in headless mode (https://bugzil.la/1375585).
JavaScript warning: https://pagead2.googlesyndication.com/bg/TMm5Vd8VytjbCcmIcJumdaM-J7Gy9TN2HX45D5FEMFw.js line 1 > eval line 4072 > eval line 1 > eval, line 1: WebGL warning: <Create>: Can't use WebGL in headless mode (https://bugzil.la/1375585).
JavaScript warning: https://pagead2.googlesyndication.com/bg/TMm5Vd8VytjbCcmIcJumdaM-J7Gy9TN2HX45D5FEMFw.js line 1 > eval line 4072 > eval line 1 > eval, line 1: Failed to create WebGL context: WebGL creation failed: 
* Can't use WebGL in headless mode (https://bugzil.la/1375585).
console.log: WebExtensions: reset-default-search: No addons in our list are installed.
Exiting due to channel error.
Exiting due to channel error.
Exiting due to channel error.
1621235350126	mozrunner::runner	INFO	Running command: "/Applications/Firefox.app/Contents/MacOS/firefox-bin" "-marionette" "-headless" "-foreground" "-no-remote" "-profile" "/var/folders/qp/62byk9gs7738gg2bzjf8p3br0000gn/T/rust_mozprofileAmeUGq"
*** You are running in headless mode.
console.warn: SearchSettings: "get: No settings file exists, new profile?" (new Error("", "(unknown module)"))
1621235353009	Marionette	INFO	Listening on port 56925
1621235353099	Marionette	WARN	TLS certificate errors will be ignored for this session
1621235353110	Marionette	ERROR	[19] No reply from Marionette:Register
Exiting due to channel error.
[GFX1-]: Receive IPC close with reason=AbnormalShutdown
Exiting due to channel error.
[GFX1-]: Receive IPC close with reason=AbnormalShutdown
Exiting due to channel error.
1621235443015	mozrunner::runner	INFO	Running command: "/Applications/Firefox.app/Contents/MacOS/firefox-bin" "-marionette" "-headless" "-foreground" "-no-remote" "-profile" "/var/folders/qp/62byk9gs7738gg2bzjf8p3br0000gn/T/rust_mozprofileol9Z2V"
*** You are running in headless mode.
console.warn: SearchSettings: "get: No settings file exists, new profile?" (new Error("", "(unknown module)"))
1621235445632	Marionette	INFO	Listening on port 57148
1621235445703	Marionette	WARN	TLS certificate errors will be ignored for this session
1621235445714	Marionette	ERROR	[19] No reply from Marionette:Register
JavaScript warning: https://pagead2.googlesyndication.com/bg/DyQI0nSy6BUFz1wbhNnw1YMoJJCDSr_iJxDmlzQsBeQ.js line 1 > eval line 6892 > eval line 1 > eval, line 1: WebGL warning: <Create>: Can't use WebGL in headless mode (https://bugzil.la/1375585).
JavaScript warning: https://pagead2.googlesyndication.com/bg/DyQI0nSy6BUFz1wbhNnw1YMoJJCDSr_iJxDmlzQsBeQ.js line 1 > eval line 6892 > eval line 1 > eval, line 1: Failed to create WebGL context: WebGL creation failed: 
* Can't use WebGL in headless mode (https://bugzil.la/1375585).
1621235562288	Marionette	INFO	Stopped listening on port 57148
JavaScript error: resource://gre/modules/Sqlite.jsm, line 1031: Error: Sqlite.jsm has been shutdown. Cannot open connection to: /var/folders/qp/62byk9gs7738gg2bzjf8p3br0000gn/T/rust_mozprofileol9Z2V/protections.sqlite
1621235721902	mozrunner::runner	INFO	Running command: "/Applications/Firefox.app/Contents/MacOS/firefox-bin" "-marionette" "-headless" "-foreground" "-no-remote" "-profile" "/var/folders/qp/62byk9gs7738gg2bzjf8p3br0000gn/T/rust_mozprofileR3VR6k"
*** You are running in headless mode.
console.warn: SearchSettings: "get: No settings file exists, new profile?" (new Error("", "(unknown module)"))
1621235724363	Marionette	INFO	Listening on port 57513
1621235724395	Marionette	WARN	TLS certificate errors will be ignored for this session
1621235724408	Marionette	ERROR	[19] No reply from Marionette:Register
JavaScript warning: https://pagead2.googlesyndication.com/bg/DyQI0nSy6BUFz1wbhNnw1YMoJJCDSr_iJxDmlzQsBeQ.js line 1 > eval line 5230 > eval line 1 > eval, line 1: WebGL warning: <Create>: Can't use WebGL in headless mode (https://bugzil.la/1375585).
JavaScript warning: https://pagead2.googlesyndication.com/bg/DyQI0nSy6BUFz1wbhNnw1YMoJJCDSr_iJxDmlzQsBeQ.js line 1 > eval line 5230 > eval line 1 > eval, line 1: Failed to create WebGL context: WebGL creation failed: 
* Can't use WebGL in headless mode (https://bugzil.la/1375585).
JavaScript error: , line 0: NotFoundError: No such JSWindowActor 'MarionetteEvents'
JavaScript error: , line 0: NotFoundError: No such JSWindowActor 'MarionetteEvents'
JavaScript warning: https://pagead2.googlesyndication.com/bg/DyQI0nSy6BUFz1wbhNnw1YMoJJCDSr_iJxDmlzQsBeQ.js line 1 > eval line 6691 > eval, line 1: WebGL warning: <Create>: Can't use WebGL in headless mode (https://bugzil.la/1375585).
JavaScript warning: https://pagead2.googlesyndication.com/bg/DyQI0nSy6BUFz1wbhNnw1YMoJJCDSr_iJxDmlzQsBeQ.js line 1 > eval line 6691 > eval, line 1: Failed to create WebGL context: WebGL creation failed: 
* Can't use WebGL in headless mode (https://bugzil.la/1375585).
JavaScript error: , line 0: NotFoundError: No such JSWindowActor 'MarionetteEvents'
JavaScript error: , line 0: NotFoundError: No such JSWindowActor 'MarionetteEvents'
console.log: WebExtensions: reset-default-search: No addons in our list are installed.
JavaScript error: , line 0: NotFoundError: No such JSWindowActor 'MarionetteEvents'
JavaScript error: , line 0: NotFoundError: No such JSWindowActor 'MarionetteEvents'
JavaScript warning: https://pagead2.googlesyndication.com/bg/DyQI0nSy6BUFz1wbhNnw1YMoJJCDSr_iJxDmlzQsBeQ.js line 1 > eval line 22 > eval, line 1: WebGL warning: <Create>: Can't use WebGL in headless mode (https://bugzil.la/1375585).
JavaScript warning: https://pagead2.googlesyndication.com/bg/DyQI0nSy6BUFz1wbhNnw1YMoJJCDSr_iJxDmlzQsBeQ.js line 1 > eval line 22 > eval, line 1: Failed to create WebGL context: WebGL creation failed: 
* Can't use WebGL in headless mode (https://bugzil.la/1375585).
Exiting due to channel error.
[GFX1-]: Receive IPC close with reason=AbnormalShutdown
Exiting due to channel error.
[GFX1-]: Receive IPC close with reason=AbnormalShutdown
Exiting due to channel error.
